<?xml version="1.0" encoding="UTF-8"?>
<robot generator="Robot 5.0.1 (Python 3.10.6 on win32)" generated="20221214 16:52:07.259" rpa="false" schemaversion="3">
<suite id="s1" name="Jenkins" source="C:\Users\balua\PycharmProjects\JenkinsIntegration\TestCases\Jenkins.robot">
<test id="s1-t1" name="AdactinHotelBooking" line="31">
<kw name="Open Browser" library="SeleniumLibrary">
<arg>${url}</arg>
<arg>${browser}</arg>
<doc>Opens a new browser instance to the optional ``url``.</doc>
<msg timestamp="20221214 16:52:08.587" level="INFO">Opening browser 'chrome' to base url 'https://adactinhotelapp.com/'.</msg>
<status status="PASS" starttime="20221214 16:52:08.587" endtime="20221214 16:52:14.342"/>
</kw>
<kw name="Maximize Browser Window" library="SeleniumLibrary">
<doc>Maximizes current browser window.</doc>
<status status="PASS" starttime="20221214 16:52:14.342" endtime="20221214 16:52:14.686"/>
</kw>
<kw name="Book A Hotel">
<kw name="Input Text" library="SeleniumLibrary">
<arg>id:username</arg>
<arg>${Username}</arg>
<doc>Types the given ``text`` into the text field identified by ``locator``.</doc>
<msg timestamp="20221214 16:52:14.694" level="INFO">Typing text 'balagood123' into text field 'id:username'.</msg>
<status status="PASS" starttime="20221214 16:52:14.694" endtime="20221214 16:52:15.106"/>
</kw>
<kw name="Input Text" library="SeleniumLibrary">
<arg>id:password</arg>
<arg>${PASSWORD}</arg>
<doc>Types the given ``text`` into the text field identified by ``locator``.</doc>
<msg timestamp="20221214 16:52:15.106" level="INFO">Typing text 'SZWWVZ' into text field 'id:password'.</msg>
<status status="PASS" starttime="20221214 16:52:15.106" endtime="20221214 16:52:15.382"/>
</kw>
<kw name="Click Element" library="SeleniumLibrary">
<arg>id:login</arg>
<doc>Click the element identified by ``locator``.</doc>
<msg timestamp="20221214 16:52:15.382" level="INFO">Clicking element 'id:login'.</msg>
<status status="PASS" starttime="20221214 16:52:15.382" endtime="20221214 16:52:16.565"/>
</kw>
<kw name="Select From List By Index" library="SeleniumLibrary">
<arg>id:location</arg>
<arg>${LOCATION}</arg>
<doc>Selects options from selection list ``locator`` by ``indexes``.</doc>
<msg timestamp="20221214 16:52:16.565" level="INFO">Selecting options from selection list 'id:location' by index 3.</msg>
<status status="PASS" starttime="20221214 16:52:16.565" endtime="20221214 16:52:17.044"/>
</kw>
<kw name="Select From List By Index" library="SeleniumLibrary">
<arg>id:hotels</arg>
<arg>${HOTELS}</arg>
<doc>Selects options from selection list ``locator`` by ``indexes``.</doc>
<msg timestamp="20221214 16:52:17.052" level="INFO">Selecting options from selection list 'id:hotels' by index 3.</msg>
<status status="PASS" starttime="20221214 16:52:17.044" endtime="20221214 16:52:17.374"/>
</kw>
<kw name="Select From List By Index" library="SeleniumLibrary">
<arg>id:room_type</arg>
<arg>${ROOMTYPE}</arg>
<doc>Selects options from selection list ``locator`` by ``indexes``.</doc>
<msg timestamp="20221214 16:52:17.374" level="INFO">Selecting options from selection list 'id:room_type' by index 3.</msg>
<status status="PASS" starttime="20221214 16:52:17.374" endtime="20221214 16:52:17.811"/>
</kw>
<kw name="Select From List By Index" library="SeleniumLibrary">
<arg>id:room_nos</arg>
<arg>${ROOMNOS}</arg>
<doc>Selects options from selection list ``locator`` by ``indexes``.</doc>
<msg timestamp="20221214 16:52:17.818" level="INFO">Selecting options from selection list 'id:room_nos' by index 3.</msg>
<status status="PASS" starttime="20221214 16:52:17.811" endtime="20221214 16:52:18.171"/>
</kw>
<kw name="Select From List By Index" library="SeleniumLibrary">
<arg>id:adult_room</arg>
<arg>${ADULTROOM}</arg>
<doc>Selects options from selection list ``locator`` by ``indexes``.</doc>
<msg timestamp="20221214 16:52:18.171" level="INFO">Selecting options from selection list 'id:adult_room' by index 3.</msg>
<status status="PASS" starttime="20221214 16:52:18.171" endtime="20221214 16:52:18.840"/>
</kw>
<kw name="Select From List By Index" library="SeleniumLibrary">
<arg>id:child_room</arg>
<arg>${CHILDROOM}</arg>
<doc>Selects options from selection list ``locator`` by ``indexes``.</doc>
<msg timestamp="20221214 16:52:18.840" level="INFO">Selecting options from selection list 'id:child_room' by index 3.</msg>
<status status="PASS" starttime="20221214 16:52:18.840" endtime="20221214 16:52:19.364"/>
</kw>
<kw name="Click Element" library="SeleniumLibrary">
<arg>id:Submit</arg>
<doc>Click the element identified by ``locator``.</doc>
<msg timestamp="20221214 16:52:19.372" level="INFO">Clicking element 'id:Submit'.</msg>
<status status="PASS" starttime="20221214 16:52:19.372" endtime="20221214 16:52:20.154"/>
</kw>
<kw name="Click Element" library="SeleniumLibrary">
<arg>id:radiobutton_0</arg>
<doc>Click the element identified by ``locator``.</doc>
<msg timestamp="20221214 16:52:20.154" level="INFO">Clicking element 'id:radiobutton_0'.</msg>
<status status="PASS" starttime="20221214 16:52:20.154" endtime="20221214 16:52:20.287"/>
</kw>
<kw name="Click Element" library="SeleniumLibrary">
<arg>id:continue</arg>
<doc>Click the element identified by ``locator``.</doc>
<msg timestamp="20221214 16:52:20.295" level="INFO">Clicking element 'id:continue'.</msg>
<status status="PASS" starttime="20221214 16:52:20.295" endtime="20221214 16:52:21.026"/>
</kw>
<kw name="Input Text" library="SeleniumLibrary">
<arg>id:first_name</arg>
<arg>${FIRSTNAME}</arg>
<doc>Types the given ``text`` into the text field identified by ``locator``.</doc>
<msg timestamp="20221214 16:52:21.026" level="INFO">Typing text 'Bala' into text field 'id:first_name'.</msg>
<status status="PASS" starttime="20221214 16:52:21.026" endtime="20221214 16:52:21.394"/>
</kw>
<kw name="Input Text" library="SeleniumLibrary">
<arg>id:last_name</arg>
<arg>${LASTNAME}</arg>
<doc>Types the given ``text`` into the text field identified by ``locator``.</doc>
<msg timestamp="20221214 16:52:21.394" level="INFO">Typing text 'Subramaniyam' into text field 'id:last_name'.</msg>
<status status="PASS" starttime="20221214 16:52:21.394" endtime="20221214 16:52:21.658"/>
</kw>
<kw name="Input Text" library="SeleniumLibrary">
<arg>id:address</arg>
<arg>${ADDRESS}</arg>
<doc>Types the given ``text`` into the text field identified by ``locator``.</doc>
<msg timestamp="20221214 16:52:21.658" level="INFO">Typing text 'No.16/8,solaiyappan street,chennai-21' into text field 'id:address'.</msg>
<status status="PASS" starttime="20221214 16:52:21.658" endtime="20221214 16:52:22.047"/>
</kw>
<kw name="Input Text" library="SeleniumLibrary">
<arg>id:cc_num</arg>
<arg>${CCNUM}</arg>
<doc>Types the given ``text`` into the text field identified by ``locator``.</doc>
<msg timestamp="20221214 16:52:22.055" level="INFO">Typing text '12345678944561234' into text field 'id:cc_num'.</msg>
<status status="PASS" starttime="20221214 16:52:22.055" endtime="20221214 16:52:22.335"/>
</kw>
<kw name="Select From List By Index" library="SeleniumLibrary">
<arg>id:cc_type</arg>
<arg>${CCTYPE}</arg>
<doc>Selects options from selection list ``locator`` by ``indexes``.</doc>
<msg timestamp="20221214 16:52:22.335" level="INFO">Selecting options from selection list 'id:cc_type' by index 2.</msg>
<status status="PASS" starttime="20221214 16:52:22.335" endtime="20221214 16:52:22.626"/>
</kw>
<kw name="Select From List By Index" library="SeleniumLibrary">
<arg>id:cc_exp_month</arg>
<arg>${EXPMONTH}</arg>
<doc>Selects options from selection list ``locator`` by ``indexes``.</doc>
<msg timestamp="20221214 16:52:22.626" level="INFO">Selecting options from selection list 'id:cc_exp_month' by index 5.</msg>
<status status="PASS" starttime="20221214 16:52:22.626" endtime="20221214 16:52:23.004"/>
</kw>
<kw name="Select From List By Index" library="SeleniumLibrary">
<arg>id:cc_exp_year</arg>
<arg>${EXPYEAR}</arg>
<doc>Selects options from selection list ``locator`` by ``indexes``.</doc>
<msg timestamp="20221214 16:52:23.012" level="INFO">Selecting options from selection list 'id:cc_exp_year' by index 11.</msg>
<status status="PASS" starttime="20221214 16:52:23.012" endtime="20221214 16:52:23.522"/>
</kw>
<kw name="Input Text" library="SeleniumLibrary">
<arg>id:cc_cvv</arg>
<arg>${CVVNUMBER}</arg>
<doc>Types the given ``text`` into the text field identified by ``locator``.</doc>
<msg timestamp="20221214 16:52:23.522" level="INFO">Typing text '321' into text field 'id:cc_cvv'.</msg>
<status status="PASS" starttime="20221214 16:52:23.522" endtime="20221214 16:52:23.762"/>
</kw>
<kw name="Click Element" library="SeleniumLibrary">
<arg>id:book_now</arg>
<doc>Click the element identified by ``locator``.</doc>
<msg timestamp="20221214 16:52:23.762" level="INFO">Clicking element 'id:book_now'.</msg>
<status status="PASS" starttime="20221214 16:52:23.762" endtime="20221214 16:52:23.903"/>
</kw>
<status status="PASS" starttime="20221214 16:52:14.686" endtime="20221214 16:52:23.903"/>
</kw>
<kw name="Close Browser" library="SeleniumLibrary">
<doc>Closes the current browser.</doc>
<status status="PASS" starttime="20221214 16:52:23.903" endtime="20221214 16:52:26.257"/>
</kw>
<status status="PASS" starttime="20221214 16:52:08.587" endtime="20221214 16:52:26.257"/>
</test>
<status status="PASS" starttime="20221214 16:52:07.267" endtime="20221214 16:52:26.257"/>
</suite>
<statistics>
<total>
<stat pass="1" fail="0" skip="0">All Tests</stat>
</total>
<tag>
</tag>
<suite>
<stat pass="1" fail="0" skip="0" id="s1" name="Jenkins">Jenkins</stat>
</suite>
</statistics>
<errors>
</errors>
</robot>
